Using pre-set license
Built from '2020.3/release' branch; Version is '2020.3.12f1 (b3b2c6512326) revision 11776710'; Using compiler version '192528614'; Build Type 'Release'
OS: 'Windows 10 Pro; OS build 19042.1586; Version 2009; 64bit' Language: 'en' Physical Memory: 8089 MB
BatchMode: 1, IsHumanControllingUs: 0, StartBugReporterOnCrash: 0, Is64bit: 1, IsPro: 0

 COMMAND LINE ARGUMENTS:
C:\Program Files\Unity\Hub\Editor\2020.3.12f1\Editor\Unity.exe
-adb2
-batchMode
-noUpm
-name
AssetImportWorker0
-projectPath
C:/Users/HP/source/Unity Projects/LudumDare50/LudumDare50
-logFile
Logs/AssetImportWorker0.log
-srvPort
51346
Successfully changed project path to: C:/Users/HP/source/Unity Projects/LudumDare50/LudumDare50
C:/Users/HP/source/Unity Projects/LudumDare50/LudumDare50
Using Asset Import Pipeline V2.
Refreshing native plugins compatible for Editor in 68.75 ms, found 3 plugins.
Preloading 0 native plugins for Editor in 0.00 ms.
Initialize engine version: 2020.3.12f1 (b3b2c6512326)
[Subsystems] Discovering subsystems at path C:/Program Files/Unity/Hub/Editor/2020.3.12f1/Editor/Data/Resources/UnitySubsystems
[Subsystems] Discovering subsystems at path C:/Users/HP/source/Unity Projects/LudumDare50/LudumDare50/Assets
GfxDevice: creating device client; threaded=0
Direct3D:
    Version:  Direct3D 11.0 [level 11.1]
    Renderer: Intel(R) HD Graphics Family (ID=0xa16)
    Vendor:   
    VRAM:     2048 MB
    Driver:   20.19.15.5126
Initialize mono
Mono path[0] = 'C:/Program Files/Unity/Hub/Editor/2020.3.12f1/Editor/Data/Managed'
Mono path[1] = 'C:/Program Files/Unity/Hub/Editor/2020.3.12f1/Editor/Data/MonoBleedingEdge/lib/mono/unityjit'
Mono config path = 'C:/Program Files/Unity/Hub/Editor/2020.3.12f1/Editor/Data/MonoBleedingEdge/etc'
Using monoOptions --debugger-agent=transport=dt_socket,embedding=1,server=y,suspend=n,address=127.0.0.1:56328
Begin MonoManager ReloadAssembly
Registering precompiled unity dll's ...
Register platform support module: C:/Program Files/Unity/Hub/Editor/2020.3.12f1/Editor/Data/PlaybackEngines/WebGLSupport/UnityEditor.WebGL.Extensions.dll
Register platform support module: C:/Program Files/Unity/Hub/Editor/2020.3.12f1/Editor/Data/PlaybackEngines/WindowsStandaloneSupport/UnityEditor.WindowsStandalone.Extensions.dll
Registered in 0.003694 seconds.
Native extension for WindowsStandalone target not found
Native extension for WebGL target not found
Refreshing native plugins compatible for Editor in 61.16 ms, found 3 plugins.
Preloading 0 native plugins for Editor in 0.00 ms.
Mono: successfully reloaded assembly
- Completed reload, in  2.842 seconds
Platform modules already initialized, skipping
Registering precompiled user dll's ...
Registered in 0.011771 seconds.
Begin MonoManager ReloadAssembly
Native extension for WindowsStandalone target not found
Native extension for WebGL target not found
Refreshing native plugins compatible for Editor in 55.92 ms, found 3 plugins.
Preloading 0 native plugins for Editor in 0.00 ms.
Mono: successfully reloaded assembly
- Completed reload, in  1.670 seconds
Platform modules already initialized, skipping
========================================================================
Worker process is ready to serve import requests
Launched and connected shader compiler UnityShaderCompiler.exe after 0.09 seconds
Refreshing native plugins compatible for Editor in 0.63 ms, found 3 plugins.
Preloading 0 native plugins for Editor in 0.00 ms.
Unloading 2094 Unused Serialized files (Serialized files now loaded: 0)
System memory in use before: 93.4 MB.
System memory in use after: 93.3 MB.

Unloading 33 unused Assets to reduce memory usage. Loaded Objects now: 2529.
Total: 4.382900 ms (FindLiveObjects: 0.246500 ms CreateObjectMapping: 0.123800 ms MarkObjects: 3.804900 ms  DeleteObjects: 0.206000 ms)

AssetImportParameters requested are different than current active one (requested -> active):
  custom:framework-win-MediaFoundation: 216162199b28c13a410421893ffa2e32 -> 
  custom:video-decoder-ogg-theora: a1e56fd34408186e4bbccfd4996cb3dc -> 
  custom:container-muxer-webm: aa71ff27fc2769a1b78a27578f13a17b -> 
  custom:container-demuxer-webm: 4f35f7cbe854078d1ac9338744f61a02 -> 
  custom:container-demuxer-ogg: 62fdf1f143b41e24485cea50d1cbac27 -> 
  custom:video-encoder-webm-vp8: eb34c28f22e8b96e1ab97ce403110664 -> 
  custom:video-decoder-webm-vp8: 9c59270c3fd7afecdb556c50c9e8de78 -> 
  custom:audio-decoder-ogg-vorbis: bf7c407c2cedff20999df2af8eb42d56 -> 
  custom:audio-encoder-webm-vorbis: bf7c407c2cedff20999df2af8eb42d56 -> 
========================================================================
Received Import Request.
  path: Assets/Art/Enemies/Cursed Weapons/arrow.png
  artifactKey: Guid(91db8a76b317331418155f4309b402f2) Importer(815301076,1909f56bfc062723c751e8b465ee728b)
Start importing Assets/Art/Enemies/Cursed Weapons/arrow.png using Guid(91db8a76b317331418155f4309b402f2) Importer(815301076,1909f56bfc062723c751e8b465ee728b)  -> (artifact id: '295b66ff67bc4917f8a7d6ee95a88028') in 0.208627 seconds 
  Import took 0.216102 seconds .

========================================================================
Received Import Request.
  Time since last request: 6.154672 seconds.
  path: Assets/Art/Enemies/Cursed Weapons/arrow.png
  artifactKey: Guid(91db8a76b317331418155f4309b402f2) Importer(815301076,1909f56bfc062723c751e8b465ee728b)
Start importing Assets/Art/Enemies/Cursed Weapons/arrow.png using Guid(91db8a76b317331418155f4309b402f2) Importer(815301076,1909f56bfc062723c751e8b465ee728b)  -> (artifact id: '9f7af4707e541311a2cf361f614639de') in 0.020246 seconds 
  Import took 0.028483 seconds .

========================================================================
Received Import Request.
  Time since last request: 0.011208 seconds.
  path: Assets/Art/Enemies/Cursed Weapons/arrow.png
  artifactKey: Guid(91db8a76b317331418155f4309b402f2) Importer(815301076,1909f56bfc062723c751e8b465ee728b)
Start importing Assets/Art/Enemies/Cursed Weapons/arrow.png using Guid(91db8a76b317331418155f4309b402f2) Importer(815301076,1909f56bfc062723c751e8b465ee728b)  -> (artifact id: '9f7af4707e541311a2cf361f614639de') in 0.021819 seconds 
  Import took 0.035514 seconds .

========================================================================
Received Import Request.
  Time since last request: 11.130900 seconds.
  path: Assets/Art/Enemies/Cursed Weapons/arrow.png
  artifactKey: Guid(91db8a76b317331418155f4309b402f2) Importer(815301076,1909f56bfc062723c751e8b465ee728b)
Start importing Assets/Art/Enemies/Cursed Weapons/arrow.png using Guid(91db8a76b317331418155f4309b402f2) Importer(815301076,1909f56bfc062723c751e8b465ee728b)  -> (artifact id: 'f63651b40a673dac29f5720b780dad66') in 0.016134 seconds 
  Import took 0.023167 seconds .

========================================================================
Received Import Request.
  Time since last request: 0.021868 seconds.
  path: Assets/Art/Enemies/Cursed Weapons/arrow.png
  artifactKey: Guid(91db8a76b317331418155f4309b402f2) Importer(815301076,1909f56bfc062723c751e8b465ee728b)
Start importing Assets/Art/Enemies/Cursed Weapons/arrow.png using Guid(91db8a76b317331418155f4309b402f2) Importer(815301076,1909f56bfc062723c751e8b465ee728b)  -> (artifact id: 'f63651b40a673dac29f5720b780dad66') in 0.025188 seconds 
  Import took 0.034803 seconds .

========================================================================
Received Import Request.
  Time since last request: 8.225078 seconds.
  path: Assets/Art/Enemies/Cursed Weapons/arrow.png
  artifactKey: Guid(91db8a76b317331418155f4309b402f2) Importer(815301076,1909f56bfc062723c751e8b465ee728b)
Start importing Assets/Art/Enemies/Cursed Weapons/arrow.png using Guid(91db8a76b317331418155f4309b402f2) Importer(815301076,1909f56bfc062723c751e8b465ee728b)  -> (artifact id: 'f8abbcbd761aa1a488d56b1266dbe41a') in 0.017023 seconds 
  Import took 0.025177 seconds .

========================================================================
Received Import Request.
  Time since last request: 0.009826 seconds.
  path: Assets/Art/Enemies/Cursed Weapons/arrow.png
  artifactKey: Guid(91db8a76b317331418155f4309b402f2) Importer(815301076,1909f56bfc062723c751e8b465ee728b)
Start importing Assets/Art/Enemies/Cursed Weapons/arrow.png using Guid(91db8a76b317331418155f4309b402f2) Importer(815301076,1909f56bfc062723c751e8b465ee728b)  -> (artifact id: 'f8abbcbd761aa1a488d56b1266dbe41a') in 0.020126 seconds 
  Import took 0.029838 seconds .

========================================================================
Received Import Request.
  Time since last request: 14.210038 seconds.
  path: Assets/Art/Enemies/Cursed Weapons/arrow.png
  artifactKey: Guid(91db8a76b317331418155f4309b402f2) Importer(815301076,1909f56bfc062723c751e8b465ee728b)
Start importing Assets/Art/Enemies/Cursed Weapons/arrow.png using Guid(91db8a76b317331418155f4309b402f2) Importer(815301076,1909f56bfc062723c751e8b465ee728b)  -> (artifact id: '9ea9864e1397b413f0a509d585d88e69') in 0.016479 seconds 
  Import took 0.023293 seconds .

========================================================================
Received Import Request.
  Time since last request: 0.010552 seconds.
  path: Assets/Art/Enemies/Cursed Weapons/arrow.png
  artifactKey: Guid(91db8a76b317331418155f4309b402f2) Importer(815301076,1909f56bfc062723c751e8b465ee728b)
Start importing Assets/Art/Enemies/Cursed Weapons/arrow.png using Guid(91db8a76b317331418155f4309b402f2) Importer(815301076,1909f56bfc062723c751e8b465ee728b)  -> (artifact id: '9ea9864e1397b413f0a509d585d88e69') in 0.021914 seconds 
  Import took 0.032171 seconds .

========================================================================
Received Import Request.
  Time since last request: 15.440588 seconds.
  path: Assets/Art/Enemies/Cursed Weapons/arrow.png
  artifactKey: Guid(91db8a76b317331418155f4309b402f2) Importer(815301076,1909f56bfc062723c751e8b465ee728b)
Start importing Assets/Art/Enemies/Cursed Weapons/arrow.png using Guid(91db8a76b317331418155f4309b402f2) Importer(815301076,1909f56bfc062723c751e8b465ee728b)  -> (artifact id: '625840dcbf25a3877d12443d066f214a') in 0.025720 seconds 
  Import took 0.032697 seconds .

========================================================================
Received Import Request.
  Time since last request: 0.005166 seconds.
  path: Assets/Art/Enemies/Cursed Weapons/arrow.png
  artifactKey: Guid(91db8a76b317331418155f4309b402f2) Importer(815301076,1909f56bfc062723c751e8b465ee728b)
Start importing Assets/Art/Enemies/Cursed Weapons/arrow.png using Guid(91db8a76b317331418155f4309b402f2) Importer(815301076,1909f56bfc062723c751e8b465ee728b)  -> (artifact id: '625840dcbf25a3877d12443d066f214a') in 0.021711 seconds 
  Import took 0.031782 seconds .

========================================================================
Received Import Request.
  Time since last request: 216.972764 seconds.
  path: Assets/Prefabs/Arrow Projectile.prefab
  artifactKey: Guid(be859f953ddd71c45b5f893af25a19da) Importer(815301076,1909f56bfc062723c751e8b465ee728b)
Start importing Assets/Prefabs/Arrow Projectile.prefab using Guid(be859f953ddd71c45b5f893af25a19da) Importer(815301076,1909f56bfc062723c751e8b465ee728b)  -> (artifact id: '4c243ae563cefcce482b671376d7b2eb') in 0.092212 seconds 
  Import took 0.099784 seconds .

========================================================================
Received Import Request.
  Time since last request: 0.011588 seconds.
  path: Assets/Prefabs/Arrow Projectile.prefab
  artifactKey: Guid(be859f953ddd71c45b5f893af25a19da) Importer(815301076,1909f56bfc062723c751e8b465ee728b)
Start importing Assets/Prefabs/Arrow Projectile.prefab using Guid(be859f953ddd71c45b5f893af25a19da) Importer(815301076,1909f56bfc062723c751e8b465ee728b)  -> (artifact id: '4c243ae563cefcce482b671376d7b2eb') in 0.026077 seconds 
  Import took 0.036612 seconds .

========================================================================
Received Import Request.
  Time since last request: 21.411858 seconds.
  path: Assets/Art/Enemies/Skeleton - Archer/Skeletal Archer Sprite Sheet.png
  artifactKey: Guid(ad9ac55be852f7749b8a93f91c387d5a) Importer(815301076,1909f56bfc062723c751e8b465ee728b)
Start importing Assets/Art/Enemies/Skeleton - Archer/Skeletal Archer Sprite Sheet.png using Guid(ad9ac55be852f7749b8a93f91c387d5a) Importer(815301076,1909f56bfc062723c751e8b465ee728b)  -> (artifact id: '903ea2cb93d4657c1dd6860aa6adf21a') in 0.214946 seconds 
  Import took 0.221361 seconds .

========================================================================
Received Import Request.
  Time since last request: 360.846434 seconds.
  path: Assets/Art/Enemies/Skeleton - Archer/Skeletal Archer Sprite Sheet.png
  artifactKey: Guid(ad9ac55be852f7749b8a93f91c387d5a) Importer(815301076,1909f56bfc062723c751e8b465ee728b)
Start importing Assets/Art/Enemies/Skeleton - Archer/Skeletal Archer Sprite Sheet.png using Guid(ad9ac55be852f7749b8a93f91c387d5a) Importer(815301076,1909f56bfc062723c751e8b465ee728b)  -> (artifact id: 'ec1afb2e4262f0b6c3d9e4b7e3d9213b') in 0.211216 seconds 
  Import took 0.218628 seconds .

========================================================================
Received Import Request.
  Time since last request: 20.527073 seconds.
  path: Assets/Art/Enemies/Skeleton - Archer/Archer Attack.anim
  artifactKey: Guid(ae32e2d78416caf4681b06bc4aca9e85) Importer(815301076,1909f56bfc062723c751e8b465ee728b)
Start importing Assets/Art/Enemies/Skeleton - Archer/Archer Attack.anim using Guid(ae32e2d78416caf4681b06bc4aca9e85) Importer(815301076,1909f56bfc062723c751e8b465ee728b)  -> (artifact id: 'd509a1709742acff5f137fb13f76cf81') in 0.019781 seconds 
  Import took 0.026473 seconds .

========================================================================
Received Import Request.
  Time since last request: 26.926011 seconds.
  path: Assets/Art/Enemies/Skeleton - Archer/ArcherIdle.anim
  artifactKey: Guid(09bfbab678c0f2641992f299733a11fc) Importer(815301076,1909f56bfc062723c751e8b465ee728b)
Start importing Assets/Art/Enemies/Skeleton - Archer/ArcherIdle.anim using Guid(09bfbab678c0f2641992f299733a11fc) Importer(815301076,1909f56bfc062723c751e8b465ee728b)  -> (artifact id: 'f52498b16cc34bfab5daf9e3d83aadd3') in 0.014880 seconds 
  Import took 0.020572 seconds .

========================================================================
Received Import Request.
  Time since last request: 32.671609 seconds.
  path: Assets/Art/Enemies/Skeleton - Archer/Archer Run.anim
  artifactKey: Guid(f64c9e52a9a1a944db34ca06a60ced39) Importer(815301076,1909f56bfc062723c751e8b465ee728b)
Start importing Assets/Art/Enemies/Skeleton - Archer/Archer Run.anim using Guid(f64c9e52a9a1a944db34ca06a60ced39) Importer(815301076,1909f56bfc062723c751e8b465ee728b)  -> (artifact id: '8698ffb76eab0b84eaff77cf3eaa768d') in 0.015358 seconds 
  Import took 0.022778 seconds .

========================================================================
Received Import Request.
  Time since last request: 22.031711 seconds.
  path: Assets/Art/Enemies/Skeleton - Archer/Archer Struck.anim
  artifactKey: Guid(9fd7933a6e6cf79478b6515e792b199a) Importer(815301076,1909f56bfc062723c751e8b465ee728b)
Start importing Assets/Art/Enemies/Skeleton - Archer/Archer Struck.anim using Guid(9fd7933a6e6cf79478b6515e792b199a) Importer(815301076,1909f56bfc062723c751e8b465ee728b)  -> (artifact id: 'a960df26bdc41ba789db56757a6573be') in 0.015177 seconds 
  Import took 0.020685 seconds .

========================================================================
Received Import Request.
  Time since last request: 4.780546 seconds.
  path: Assets/Art/Enemies/Skeleton - Archer/Archer Idle.anim
  artifactKey: Guid(09bfbab678c0f2641992f299733a11fc) Importer(815301076,1909f56bfc062723c751e8b465ee728b)
Start importing Assets/Art/Enemies/Skeleton - Archer/Archer Idle.anim using Guid(09bfbab678c0f2641992f299733a11fc) Importer(815301076,1909f56bfc062723c751e8b465ee728b)  -> (artifact id: '369cec58196b0f5f9c3c0b6a05370f65') in 0.016243 seconds 
  Import took 0.022177 seconds .

========================================================================
Received Import Request.
  Time since last request: 71.896089 seconds.
  path: Assets/Art/Enemies/Skeleton - Archer/Skeletal Archer Sprite Sheet.png
  artifactKey: Guid(ad9ac55be852f7749b8a93f91c387d5a) Importer(815301076,1909f56bfc062723c751e8b465ee728b)
Start importing Assets/Art/Enemies/Skeleton - Archer/Skeletal Archer Sprite Sheet.png using Guid(ad9ac55be852f7749b8a93f91c387d5a) Importer(815301076,1909f56bfc062723c751e8b465ee728b)  -> (artifact id: 'b06f72c73f6cb3a557af3050e214eb19') in 0.227174 seconds 
  Import took 0.233319 seconds .

========================================================================
Received Import Request.
  Time since last request: 23.039636 seconds.
  path: Assets/Art/Enemies/Skeleton - Archer/Archer Death.anim
  artifactKey: Guid(9358e0c1de71b9b4c8eff34117358a0d) Importer(815301076,1909f56bfc062723c751e8b465ee728b)
Start importing Assets/Art/Enemies/Skeleton - Archer/Archer Death.anim using Guid(9358e0c1de71b9b4c8eff34117358a0d) Importer(815301076,1909f56bfc062723c751e8b465ee728b)  -> (artifact id: 'd9770eab2d443f6187579e4ec2a85ef2') in 0.016144 seconds 
  Import took 0.023006 seconds .

========================================================================
Received Import Request.
  Time since last request: 17.677851 seconds.
  path: Assets/Art/Enemies/Skeleton - Archer/Archer Resurrection.anim
  artifactKey: Guid(2c858d724a8fdc149bece4f84f249b1b) Importer(815301076,1909f56bfc062723c751e8b465ee728b)
Start importing Assets/Art/Enemies/Skeleton - Archer/Archer Resurrection.anim using Guid(2c858d724a8fdc149bece4f84f249b1b) Importer(815301076,1909f56bfc062723c751e8b465ee728b)  -> (artifact id: '0dbdb06e0505d9b43960c4096cbaed6a') in 0.013054 seconds 
  Import took 0.021871 seconds .

========================================================================
Received Import Request.
  Time since last request: 15.509985 seconds.
  path: Assets/Art/Enemies/Skeleton - Archer/Archer Run.anim
  artifactKey: Guid(f64c9e52a9a1a944db34ca06a60ced39) Importer(815301076,1909f56bfc062723c751e8b465ee728b)
Start importing Assets/Art/Enemies/Skeleton - Archer/Archer Run.anim using Guid(f64c9e52a9a1a944db34ca06a60ced39) Importer(815301076,1909f56bfc062723c751e8b465ee728b)  -> (artifact id: '8b433ff5282734661d2d9ded28a43141') in 0.008750 seconds 
  Import took 0.016498 seconds .

========================================================================
Received Import Request.
  Time since last request: 8.354669 seconds.
  path: Assets/Art/Enemies/Skeleton - Archer/Archer Animations.controller
  artifactKey: Guid(9fbe1528ba443454ca2e9447b7bce663) Importer(815301076,1909f56bfc062723c751e8b465ee728b)
Start importing Assets/Art/Enemies/Skeleton - Archer/Archer Animations.controller using Guid(9fbe1528ba443454ca2e9447b7bce663) Importer(815301076,1909f56bfc062723c751e8b465ee728b)  -> (artifact id: 'f460cb248d286cf556b2bb90c2daa60e') in 0.020530 seconds 
  Import took 0.027127 seconds .

========================================================================
Received Import Request.
  Time since last request: 0.002679 seconds.
  path: Assets/Art/Enemies/Skeleton - Archer/Archer Animations.controller
  artifactKey: Guid(9fbe1528ba443454ca2e9447b7bce663) Importer(815301076,1909f56bfc062723c751e8b465ee728b)
Start importing Assets/Art/Enemies/Skeleton - Archer/Archer Animations.controller using Guid(9fbe1528ba443454ca2e9447b7bce663) Importer(815301076,1909f56bfc062723c751e8b465ee728b)  -> (artifact id: 'f460cb248d286cf556b2bb90c2daa60e') in 0.007303 seconds 
  Import took 0.014697 seconds .

========================================================================
Received Import Request.
  Time since last request: 0.703570 seconds.
  path: Assets/Art/Enemies/Skeleton - Archer/Archer Animations.controller
  artifactKey: Guid(9fbe1528ba443454ca2e9447b7bce663) Importer(815301076,1909f56bfc062723c751e8b465ee728b)
Start importing Assets/Art/Enemies/Skeleton - Archer/Archer Animations.controller using Guid(9fbe1528ba443454ca2e9447b7bce663) Importer(815301076,1909f56bfc062723c751e8b465ee728b)  -> (artifact id: '871f2ac0f7b9611eff4e41f03efaf452') in 0.007782 seconds 
  Import took 0.014088 seconds .

========================================================================
Received Import Request.
  Time since last request: 174.707277 seconds.
  path: Assets/Art/Enemies/Skeleton - Archer/Archer Animations.controller
  artifactKey: Guid(9fbe1528ba443454ca2e9447b7bce663) Importer(815301076,1909f56bfc062723c751e8b465ee728b)
Start importing Assets/Art/Enemies/Skeleton - Archer/Archer Animations.controller using Guid(9fbe1528ba443454ca2e9447b7bce663) Importer(815301076,1909f56bfc062723c751e8b465ee728b)  -> (artifact id: '3f7ef5a7873503143aac85a8a8a6843c') in 0.016464 seconds 
  Import took 0.024030 seconds .

========================================================================
Received Import Request.
  Time since last request: 30.799277 seconds.
  path: Assets/Scripts/ArcherEnemy.cs
  artifactKey: Guid(1b5498bc35d07b44e86988a4d6055ce2) Importer(815301076,1909f56bfc062723c751e8b465ee728b)
Start importing Assets/Scripts/ArcherEnemy.cs using Guid(1b5498bc35d07b44e86988a4d6055ce2) Importer(815301076,1909f56bfc062723c751e8b465ee728b)  -> (artifact id: '1e53a51c393437bb632f589380356db2') in 0.037737 seconds 
  Import took 0.047424 seconds .

========================================================================
Received Prepare
Registering precompiled user dll's ...
Registered in 0.147967 seconds.
Begin MonoManager ReloadAssembly
Native extension for WindowsStandalone target not found
Native extension for WebGL target not found
Refreshing native plugins compatible for Editor in 0.56 ms, found 3 plugins.
Preloading 0 native plugins for Editor in 0.00 ms.
Mono: successfully reloaded assembly
- Completed reload, in  1.922 seconds
Platform modules already initialized, skipping
Refreshing native plugins compatible for Editor in 0.84 ms, found 3 plugins.
Preloading 0 native plugins for Editor in 0.00 ms.
Unloading 2090 Unused Serialized files (Serialized files now loaded: 0)
System memory in use before: 96.4 MB.
System memory in use after: 96.4 MB.

Unloading 21 unused Assets to reduce memory usage. Loaded Objects now: 2572.
Total: 3.640000 ms (FindLiveObjects: 0.320100 ms CreateObjectMapping: 0.268000 ms MarkObjects: 2.895900 ms  DeleteObjects: 0.154600 ms)

AssetImportParameters requested are different than current active one (requested -> active):
  custom:framework-win-MediaFoundation: 216162199b28c13a410421893ffa2e32 -> 
  custom:video-decoder-ogg-theora: a1e56fd34408186e4bbccfd4996cb3dc -> 
  custom:container-muxer-webm: aa71ff27fc2769a1b78a27578f13a17b -> 
  custom:container-demuxer-webm: 4f35f7cbe854078d1ac9338744f61a02 -> 
  custom:container-demuxer-ogg: 62fdf1f143b41e24485cea50d1cbac27 -> 
  custom:video-encoder-webm-vp8: eb34c28f22e8b96e1ab97ce403110664 -> 
  custom:video-decoder-webm-vp8: 9c59270c3fd7afecdb556c50c9e8de78 -> 
  custom:audio-decoder-ogg-vorbis: bf7c407c2cedff20999df2af8eb42d56 -> 
  custom:audio-encoder-webm-vorbis: bf7c407c2cedff20999df2af8eb42d56 -> 
========================================================================
Received Prepare
Registering precompiled user dll's ...
Registered in 0.015711 seconds.
Begin MonoManager ReloadAssembly
Native extension for WindowsStandalone target not found
Native extension for WebGL target not found
Refreshing native plugins compatible for Editor in 0.69 ms, found 3 plugins.
Preloading 0 native plugins for Editor in 0.00 ms.
Mono: successfully reloaded assembly
- Completed reload, in  1.670 seconds
Platform modules already initialized, skipping
Refreshing native plugins compatible for Editor in 1.13 ms, found 3 plugins.
Preloading 0 native plugins for Editor in 0.00 ms.
Unloading 2090 Unused Serialized files (Serialized files now loaded: 0)
System memory in use before: 96.4 MB.
System memory in use after: 96.4 MB.

Unloading 21 unused Assets to reduce memory usage. Loaded Objects now: 2576.
Total: 4.010100 ms (FindLiveObjects: 0.333700 ms CreateObjectMapping: 0.155200 ms MarkObjects: 3.359600 ms  DeleteObjects: 0.160300 ms)

AssetImportParameters requested are different than current active one (requested -> active):
  custom:framework-win-MediaFoundation: 216162199b28c13a410421893ffa2e32 -> 
  custom:video-decoder-ogg-theora: a1e56fd34408186e4bbccfd4996cb3dc -> 
  custom:container-muxer-webm: aa71ff27fc2769a1b78a27578f13a17b -> 
  custom:container-demuxer-webm: 4f35f7cbe854078d1ac9338744f61a02 -> 
  custom:container-demuxer-ogg: 62fdf1f143b41e24485cea50d1cbac27 -> 
  custom:video-encoder-webm-vp8: eb34c28f22e8b96e1ab97ce403110664 -> 
  custom:video-decoder-webm-vp8: 9c59270c3fd7afecdb556c50c9e8de78 -> 
  custom:audio-decoder-ogg-vorbis: bf7c407c2cedff20999df2af8eb42d56 -> 
  custom:audio-encoder-webm-vorbis: bf7c407c2cedff20999df2af8eb42d56 -> 
========================================================================
Received Import Request.
  Time since last request: 342.715209 seconds.
  path: Assets/Scripts/ArcherEnemy.cs
  artifactKey: Guid(1b5498bc35d07b44e86988a4d6055ce2) Importer(815301076,1909f56bfc062723c751e8b465ee728b)
Start importing Assets/Scripts/ArcherEnemy.cs using Guid(1b5498bc35d07b44e86988a4d6055ce2) Importer(815301076,1909f56bfc062723c751e8b465ee728b)  -> (artifact id: 'ea4151e14732087829302d35f81efb31') in 0.008157 seconds 
  Import took 0.013356 seconds .

========================================================================
Received Prepare
Registering precompiled user dll's ...
Registered in 0.005722 seconds.
Begin MonoManager ReloadAssembly
Native extension for WindowsStandalone target not found
Native extension for WebGL target not found
Refreshing native plugins compatible for Editor in 0.57 ms, found 3 plugins.
Preloading 0 native plugins for Editor in 0.00 ms.
Mono: successfully reloaded assembly
- Completed reload, in  1.655 seconds
Platform modules already initialized, skipping
Refreshing native plugins compatible for Editor in 1.22 ms, found 3 plugins.
Preloading 0 native plugins for Editor in 0.00 ms.
Unloading 2090 Unused Serialized files (Serialized files now loaded: 0)
System memory in use before: 96.5 MB.
System memory in use after: 96.4 MB.

Unloading 21 unused Assets to reduce memory usage. Loaded Objects now: 2580.
Total: 3.848400 ms (FindLiveObjects: 0.245400 ms CreateObjectMapping: 0.117600 ms MarkObjects: 3.324800 ms  DeleteObjects: 0.159100 ms)

AssetImportParameters requested are different than current active one (requested -> active):
  custom:framework-win-MediaFoundation: 216162199b28c13a410421893ffa2e32 -> 
  custom:video-decoder-ogg-theora: a1e56fd34408186e4bbccfd4996cb3dc -> 
  custom:container-muxer-webm: aa71ff27fc2769a1b78a27578f13a17b -> 
  custom:container-demuxer-webm: 4f35f7cbe854078d1ac9338744f61a02 -> 
  custom:container-demuxer-ogg: 62fdf1f143b41e24485cea50d1cbac27 -> 
  custom:video-encoder-webm-vp8: eb34c28f22e8b96e1ab97ce403110664 -> 
  custom:video-decoder-webm-vp8: 9c59270c3fd7afecdb556c50c9e8de78 -> 
  custom:audio-decoder-ogg-vorbis: bf7c407c2cedff20999df2af8eb42d56 -> 
  custom:audio-encoder-webm-vorbis: bf7c407c2cedff20999df2af8eb42d56 -> 
========================================================================
Received Import Request.
  Time since last request: 221.986123 seconds.
  path: Assets/Art/Enemies/Skeleton - Archer/Skeletal Archer Sprite Sheet.png
  artifactKey: Guid(ad9ac55be852f7749b8a93f91c387d5a) Importer(815301076,1909f56bfc062723c751e8b465ee728b)
Start importing Assets/Art/Enemies/Skeleton - Archer/Skeletal Archer Sprite Sheet.png using Guid(ad9ac55be852f7749b8a93f91c387d5a) Importer(815301076,1909f56bfc062723c751e8b465ee728b)  -> (artifact id: '9af65a8bba1647f05d95d097ba6f7c76') in 0.237388 seconds 
  Import took 0.244109 seconds .

========================================================================
Received Prepare
Registering precompiled user dll's ...
Registered in 0.007123 seconds.
Begin MonoManager ReloadAssembly
Native extension for WindowsStandalone target not found
Native extension for WebGL target not found
Refreshing native plugins compatible for Editor in 0.94 ms, found 3 plugins.
Preloading 0 native plugins for Editor in 0.00 ms.
Mono: successfully reloaded assembly
- Completed reload, in  1.688 seconds
Platform modules already initialized, skipping
Refreshing native plugins compatible for Editor in 1.12 ms, found 3 plugins.
Preloading 0 native plugins for Editor in 0.00 ms.
Unloading 2090 Unused Serialized files (Serialized files now loaded: 0)
System memory in use before: 96.5 MB.
System memory in use after: 96.5 MB.

Unloading 21 unused Assets to reduce memory usage. Loaded Objects now: 2585.
Total: 3.147100 ms (FindLiveObjects: 0.243500 ms CreateObjectMapping: 0.121900 ms MarkObjects: 2.618800 ms  DeleteObjects: 0.161300 ms)

AssetImportParameters requested are different than current active one (requested -> active):
  custom:framework-win-MediaFoundation: 216162199b28c13a410421893ffa2e32 -> 
  custom:video-decoder-ogg-theora: a1e56fd34408186e4bbccfd4996cb3dc -> 
  custom:container-muxer-webm: aa71ff27fc2769a1b78a27578f13a17b -> 
  custom:container-demuxer-webm: 4f35f7cbe854078d1ac9338744f61a02 -> 
  custom:container-demuxer-ogg: 62fdf1f143b41e24485cea50d1cbac27 -> 
  custom:video-encoder-webm-vp8: eb34c28f22e8b96e1ab97ce403110664 -> 
  custom:video-decoder-webm-vp8: 9c59270c3fd7afecdb556c50c9e8de78 -> 
  custom:audio-decoder-ogg-vorbis: bf7c407c2cedff20999df2af8eb42d56 -> 
  custom:audio-encoder-webm-vorbis: bf7c407c2cedff20999df2af8eb42d56 -> 
========================================================================
Received Import Request.
  Time since last request: 86.519772 seconds.
  path: Assets/Art/Enemies/Skeleton - Archer/Archer Animations.controller
  artifactKey: Guid(9fbe1528ba443454ca2e9447b7bce663) Importer(815301076,1909f56bfc062723c751e8b465ee728b)
Start importing Assets/Art/Enemies/Skeleton - Archer/Archer Animations.controller using Guid(9fbe1528ba443454ca2e9447b7bce663) Importer(815301076,1909f56bfc062723c751e8b465ee728b)  -> (artifact id: '3ffc0b11af846a6faea43633a988a83b') in 0.033102 seconds 
  Import took 0.039828 seconds .

========================================================================
Received Prepare
Registering precompiled user dll's ...
Registered in 0.012235 seconds.
Begin MonoManager ReloadAssembly
Native extension for WindowsStandalone target not found
Native extension for WebGL target not found
Refreshing native plugins compatible for Editor in 0.59 ms, found 3 plugins.
Preloading 0 native plugins for Editor in 0.00 ms.
Mono: successfully reloaded assembly
- Completed reload, in  1.522 seconds
Platform modules already initialized, skipping
Refreshing native plugins compatible for Editor in 0.71 ms, found 3 plugins.
Preloading 0 native plugins for Editor in 0.00 ms.
Unloading 2090 Unused Serialized files (Serialized files now loaded: 0)
System memory in use before: 96.5 MB.
System memory in use after: 96.5 MB.

Unloading 21 unused Assets to reduce memory usage. Loaded Objects now: 2589.
Total: 3.271500 ms (FindLiveObjects: 0.309900 ms CreateObjectMapping: 0.124600 ms MarkObjects: 2.680500 ms  DeleteObjects: 0.154700 ms)

AssetImportParameters requested are different than current active one (requested -> active):
  custom:framework-win-MediaFoundation: 216162199b28c13a410421893ffa2e32 -> 
  custom:video-decoder-ogg-theora: a1e56fd34408186e4bbccfd4996cb3dc -> 
  custom:container-muxer-webm: aa71ff27fc2769a1b78a27578f13a17b -> 
  custom:container-demuxer-webm: 4f35f7cbe854078d1ac9338744f61a02 -> 
  custom:container-demuxer-ogg: 62fdf1f143b41e24485cea50d1cbac27 -> 
  custom:video-encoder-webm-vp8: eb34c28f22e8b96e1ab97ce403110664 -> 
  custom:video-decoder-webm-vp8: 9c59270c3fd7afecdb556c50c9e8de78 -> 
  custom:audio-decoder-ogg-vorbis: bf7c407c2cedff20999df2af8eb42d56 -> 
  custom:audio-encoder-webm-vorbis: bf7c407c2cedff20999df2af8eb42d56 -> 
========================================================================
Received Prepare
Registering precompiled user dll's ...
Registered in 0.005860 seconds.
Begin MonoManager ReloadAssembly
Native extension for WindowsStandalone target not found
Native extension for WebGL target not found
Refreshing native plugins compatible for Editor in 1.48 ms, found 3 plugins.
Preloading 0 native plugins for Editor in 0.00 ms.
Mono: successfully reloaded assembly
- Completed reload, in  1.985 seconds
Platform modules already initialized, skipping
Refreshing native plugins compatible for Editor in 1.00 ms, found 3 plugins.
Preloading 0 native plugins for Editor in 0.00 ms.
Unloading 2090 Unused Serialized files (Serialized files now loaded: 0)
System memory in use before: 96.5 MB.
System memory in use after: 96.5 MB.

Unloading 21 unused Assets to reduce memory usage. Loaded Objects now: 2593.
Total: 5.175600 ms (FindLiveObjects: 1.130700 ms CreateObjectMapping: 0.644500 ms MarkObjects: 3.217900 ms  DeleteObjects: 0.180300 ms)

AssetImportParameters requested are different than current active one (requested -> active):
  custom:framework-win-MediaFoundation: 216162199b28c13a410421893ffa2e32 -> 
  custom:video-decoder-ogg-theora: a1e56fd34408186e4bbccfd4996cb3dc -> 
  custom:container-muxer-webm: aa71ff27fc2769a1b78a27578f13a17b -> 
  custom:container-demuxer-webm: 4f35f7cbe854078d1ac9338744f61a02 -> 
  custom:container-demuxer-ogg: 62fdf1f143b41e24485cea50d1cbac27 -> 
  custom:video-encoder-webm-vp8: eb34c28f22e8b96e1ab97ce403110664 -> 
  custom:video-decoder-webm-vp8: 9c59270c3fd7afecdb556c50c9e8de78 -> 
  custom:audio-decoder-ogg-vorbis: bf7c407c2cedff20999df2af8eb42d56 -> 
  custom:audio-encoder-webm-vorbis: bf7c407c2cedff20999df2af8eb42d56 -> 
========================================================================
Received Import Request.
  Time since last request: 148.807396 seconds.
  path: Assets/Prefabs/Arrow Projectile.prefab
  artifactKey: Guid(be859f953ddd71c45b5f893af25a19da) Importer(815301076,1909f56bfc062723c751e8b465ee728b)
Start importing Assets/Prefabs/Arrow Projectile.prefab using Guid(be859f953ddd71c45b5f893af25a19da) Importer(815301076,1909f56bfc062723c751e8b465ee728b)  -> (artifact id: '2c1d2c841cd10c7971e6c56aac65ac80') in 0.120816 seconds 
  Import took 0.127017 seconds .

========================================================================
Received Import Request.
  Time since last request: 0.024259 seconds.
  path: Assets/Prefabs/Arrow Projectile.prefab
  artifactKey: Guid(be859f953ddd71c45b5f893af25a19da) Importer(815301076,1909f56bfc062723c751e8b465ee728b)
Start importing Assets/Prefabs/Arrow Projectile.prefab using Guid(be859f953ddd71c45b5f893af25a19da) Importer(815301076,1909f56bfc062723c751e8b465ee728b)  -> (artifact id: '2c1d2c841cd10c7971e6c56aac65ac80') in 0.035121 seconds 
  Import took 0.043992 seconds .

========================================================================
Received Prepare
Registering precompiled user dll's ...
Registered in 0.006180 seconds.
Begin MonoManager ReloadAssembly
Native extension for WindowsStandalone target not found
Native extension for WebGL target not found
Refreshing native plugins compatible for Editor in 0.61 ms, found 3 plugins.
Preloading 0 native plugins for Editor in 0.00 ms.
Mono: successfully reloaded assembly
- Completed reload, in  1.476 seconds
Platform modules already initialized, skipping
Refreshing native plugins compatible for Editor in 0.83 ms, found 3 plugins.
Preloading 0 native plugins for Editor in 0.00 ms.
Unloading 2090 Unused Serialized files (Serialized files now loaded: 0)
System memory in use before: 96.6 MB.
System memory in use after: 96.5 MB.

Unloading 21 unused Assets to reduce memory usage. Loaded Objects now: 2598.
Total: 3.139700 ms (FindLiveObjects: 0.280000 ms CreateObjectMapping: 0.124300 ms MarkObjects: 2.514300 ms  DeleteObjects: 0.218100 ms)

AssetImportParameters requested are different than current active one (requested -> active):
  custom:framework-win-MediaFoundation: 216162199b28c13a410421893ffa2e32 -> 
  custom:video-decoder-ogg-theora: a1e56fd34408186e4bbccfd4996cb3dc -> 
  custom:container-muxer-webm: aa71ff27fc2769a1b78a27578f13a17b -> 
  custom:container-demuxer-webm: 4f35f7cbe854078d1ac9338744f61a02 -> 
  custom:container-demuxer-ogg: 62fdf1f143b41e24485cea50d1cbac27 -> 
  custom:video-encoder-webm-vp8: eb34c28f22e8b96e1ab97ce403110664 -> 
  custom:video-decoder-webm-vp8: 9c59270c3fd7afecdb556c50c9e8de78 -> 
  custom:audio-decoder-ogg-vorbis: bf7c407c2cedff20999df2af8eb42d56 -> 
  custom:audio-encoder-webm-vorbis: bf7c407c2cedff20999df2af8eb42d56 -> 
========================================================================
Received Prepare
Registering precompiled user dll's ...
Registered in 0.014850 seconds.
Begin MonoManager ReloadAssembly
Native extension for WindowsStandalone target not found
Native extension for WebGL target not found
Refreshing native plugins compatible for Editor in 1.03 ms, found 3 plugins.
Preloading 0 native plugins for Editor in 0.00 ms.
Mono: successfully reloaded assembly
- Completed reload, in  2.830 seconds
Platform modules already initialized, skipping
Refreshing native plugins compatible for Editor in 1.54 ms, found 3 plugins.
Preloading 0 native plugins for Editor in 0.00 ms.
Unloading 2090 Unused Serialized files (Serialized files now loaded: 0)
System memory in use before: 96.6 MB.
System memory in use after: 96.5 MB.

Unloading 21 unused Assets to reduce memory usage. Loaded Objects now: 2602.
Total: 7.333800 ms (FindLiveObjects: 1.040200 ms CreateObjectMapping: 0.452800 ms MarkObjects: 5.621400 ms  DeleteObjects: 0.216600 ms)

AssetImportParameters requested are different than current active one (requested -> active):
  custom:framework-win-MediaFoundation: 216162199b28c13a410421893ffa2e32 -> 
  custom:video-decoder-ogg-theora: a1e56fd34408186e4bbccfd4996cb3dc -> 
  custom:container-muxer-webm: aa71ff27fc2769a1b78a27578f13a17b -> 
  custom:container-demuxer-webm: 4f35f7cbe854078d1ac9338744f61a02 -> 
  custom:container-demuxer-ogg: 62fdf1f143b41e24485cea50d1cbac27 -> 
  custom:video-encoder-webm-vp8: eb34c28f22e8b96e1ab97ce403110664 -> 
  custom:video-decoder-webm-vp8: 9c59270c3fd7afecdb556c50c9e8de78 -> 
  custom:audio-decoder-ogg-vorbis: bf7c407c2cedff20999df2af8eb42d56 -> 
  custom:audio-encoder-webm-vorbis: bf7c407c2cedff20999df2af8eb42d56 -> 
========================================================================
Received Prepare
Registering precompiled user dll's ...
Registered in 0.015491 seconds.
Begin MonoManager ReloadAssembly
Native extension for WindowsStandalone target not found
Native extension for WebGL target not found
Refreshing native plugins compatible for Editor in 1.30 ms, found 3 plugins.
Preloading 0 native plugins for Editor in 0.00 ms.
Mono: successfully reloaded assembly
- Completed reload, in  2.013 seconds
Platform modules already initialized, skipping
Refreshing native plugins compatible for Editor in 0.93 ms, found 3 plugins.
Preloading 0 native plugins for Editor in 0.00 ms.
Unloading 2090 Unused Serialized files (Serialized files now loaded: 0)
System memory in use before: 96.6 MB.
System memory in use after: 96.6 MB.

Unloading 21 unused Assets to reduce memory usage. Loaded Objects now: 2606.
Total: 3.914800 ms (FindLiveObjects: 0.376400 ms CreateObjectMapping: 0.259000 ms MarkObjects: 3.114200 ms  DeleteObjects: 0.163600 ms)

AssetImportParameters requested are different than current active one (requested -> active):
  custom:framework-win-MediaFoundation: 216162199b28c13a410421893ffa2e32 -> 
  custom:video-decoder-ogg-theora: a1e56fd34408186e4bbccfd4996cb3dc -> 
  custom:container-muxer-webm: aa71ff27fc2769a1b78a27578f13a17b -> 
  custom:container-demuxer-webm: 4f35f7cbe854078d1ac9338744f61a02 -> 
  custom:container-demuxer-ogg: 62fdf1f143b41e24485cea50d1cbac27 -> 
  custom:video-encoder-webm-vp8: eb34c28f22e8b96e1ab97ce403110664 -> 
  custom:video-decoder-webm-vp8: 9c59270c3fd7afecdb556c50c9e8de78 -> 
  custom:audio-decoder-ogg-vorbis: bf7c407c2cedff20999df2af8eb42d56 -> 
  custom:audio-encoder-webm-vorbis: bf7c407c2cedff20999df2af8eb42d56 -> 
========================================================================
Received Prepare
Registering precompiled user dll's ...
Registered in 0.009490 seconds.
Begin MonoManager ReloadAssembly
Native extension for WindowsStandalone target not found
Native extension for WebGL target not found
Refreshing native plugins compatible for Editor in 0.67 ms, found 3 plugins.
Preloading 0 native plugins for Editor in 0.00 ms.
Mono: successfully reloaded assembly
- Completed reload, in  2.326 seconds
Platform modules already initialized, skipping
Refreshing native plugins compatible for Editor in 0.97 ms, found 3 plugins.
Preloading 0 native plugins for Editor in 0.00 ms.
Unloading 2090 Unused Serialized files (Serialized files now loaded: 0)
System memory in use before: 96.6 MB.
System memory in use after: 96.6 MB.

Unloading 21 unused Assets to reduce memory usage. Loaded Objects now: 2610.
Total: 7.779800 ms (FindLiveObjects: 0.958600 ms CreateObjectMapping: 0.458400 ms MarkObjects: 6.033300 ms  DeleteObjects: 0.324100 ms)

AssetImportParameters requested are different than current active one (requested -> active):
  custom:framework-win-MediaFoundation: 216162199b28c13a410421893ffa2e32 -> 
  custom:video-decoder-ogg-theora: a1e56fd34408186e4bbccfd4996cb3dc -> 
  custom:container-muxer-webm: aa71ff27fc2769a1b78a27578f13a17b -> 
  custom:container-demuxer-webm: 4f35f7cbe854078d1ac9338744f61a02 -> 
  custom:container-demuxer-ogg: 62fdf1f143b41e24485cea50d1cbac27 -> 
  custom:video-encoder-webm-vp8: eb34c28f22e8b96e1ab97ce403110664 -> 
  custom:video-decoder-webm-vp8: 9c59270c3fd7afecdb556c50c9e8de78 -> 
  custom:audio-decoder-ogg-vorbis: bf7c407c2cedff20999df2af8eb42d56 -> 
  custom:audio-encoder-webm-vorbis: bf7c407c2cedff20999df2af8eb42d56 -> 
========================================================================
Received Prepare
Registering precompiled user dll's ...
Registered in 0.005918 seconds.
Begin MonoManager ReloadAssembly
Native extension for WindowsStandalone target not found
Native extension for WebGL target not found
Refreshing native plugins compatible for Editor in 0.63 ms, found 3 plugins.
Preloading 0 native plugins for Editor in 0.00 ms.
Mono: successfully reloaded assembly
- Completed reload, in  2.253 seconds
Platform modules already initialized, skipping
Refreshing native plugins compatible for Editor in 1.54 ms, found 3 plugins.
Preloading 0 native plugins for Editor in 0.00 ms.
Unloading 2090 Unused Serialized files (Serialized files now loaded: 0)
System memory in use before: 96.6 MB.
System memory in use after: 96.6 MB.

Unloading 21 unused Assets to reduce memory usage. Loaded Objects now: 2614.
Total: 5.403700 ms (FindLiveObjects: 1.114600 ms CreateObjectMapping: 0.309400 ms MarkObjects: 3.792200 ms  DeleteObjects: 0.181600 ms)

AssetImportParameters requested are different than current active one (requested -> active):
  custom:framework-win-MediaFoundation: 216162199b28c13a410421893ffa2e32 -> 
  custom:video-decoder-ogg-theora: a1e56fd34408186e4bbccfd4996cb3dc -> 
  custom:container-muxer-webm: aa71ff27fc2769a1b78a27578f13a17b -> 
  custom:container-demuxer-webm: 4f35f7cbe854078d1ac9338744f61a02 -> 
  custom:container-demuxer-ogg: 62fdf1f143b41e24485cea50d1cbac27 -> 
  custom:video-encoder-webm-vp8: eb34c28f22e8b96e1ab97ce403110664 -> 
  custom:video-decoder-webm-vp8: 9c59270c3fd7afecdb556c50c9e8de78 -> 
  custom:audio-decoder-ogg-vorbis: bf7c407c2cedff20999df2af8eb42d56 -> 
  custom:audio-encoder-webm-vorbis: bf7c407c2cedff20999df2af8eb42d56 -> 
========================================================================
Received Import Request.
  Time since last request: 581.726235 seconds.
  path: Assets/Prefabs/Skeletal Archer.prefab
  artifactKey: Guid(d4d3b8934e888bb45a8bc21d5ac83853) Importer(815301076,1909f56bfc062723c751e8b465ee728b)
Start importing Assets/Prefabs/Skeletal Archer.prefab using Guid(d4d3b8934e888bb45a8bc21d5ac83853) Importer(815301076,1909f56bfc062723c751e8b465ee728b)  -> (artifact id: '9a86771a472b5a72c2c19cc0b1cc4b95') in 0.127235 seconds 
  Import took 0.133276 seconds .

========================================================================
Received Import Request.
  Time since last request: 0.002410 seconds.
  path: Assets/Prefabs/Skeletal Archer.prefab
  artifactKey: Guid(d4d3b8934e888bb45a8bc21d5ac83853) Importer(815301076,1909f56bfc062723c751e8b465ee728b)
Start importing Assets/Prefabs/Skeletal Archer.prefab using Guid(d4d3b8934e888bb45a8bc21d5ac83853) Importer(815301076,1909f56bfc062723c751e8b465ee728b)  -> (artifact id: '9a86771a472b5a72c2c19cc0b1cc4b95') in 0.028071 seconds 
  Import took 0.034598 seconds .

========================================================================
Received Import Request.
  Time since last request: 4.195460 seconds.
  path: Assets/Prefabs/Skeletal Archer.prefab
  artifactKey: Guid(d4d3b8934e888bb45a8bc21d5ac83853) Importer(815301076,1909f56bfc062723c751e8b465ee728b)
Start importing Assets/Prefabs/Skeletal Archer.prefab using Guid(d4d3b8934e888bb45a8bc21d5ac83853) Importer(815301076,1909f56bfc062723c751e8b465ee728b)  -> (artifact id: 'fbb1b4fad4895493a356abaffc78bac9') in 0.039806 seconds 
  Import took 0.046813 seconds .

========================================================================
Received Import Request.
  Time since last request: 0.030833 seconds.
  path: Assets/Prefabs/Skeletal Archer.prefab
  artifactKey: Guid(d4d3b8934e888bb45a8bc21d5ac83853) Importer(815301076,1909f56bfc062723c751e8b465ee728b)
Start importing Assets/Prefabs/Skeletal Archer.prefab using Guid(d4d3b8934e888bb45a8bc21d5ac83853) Importer(815301076,1909f56bfc062723c751e8b465ee728b)  -> (artifact id: 'fbb1b4fad4895493a356abaffc78bac9') in 0.035340 seconds 
  Import took 0.041888 seconds .

========================================================================
Received Prepare
Registering precompiled user dll's ...
Registered in 0.009783 seconds.
Begin MonoManager ReloadAssembly
Native extension for WindowsStandalone target not found
Native extension for WebGL target not found
Refreshing native plugins compatible for Editor in 0.56 ms, found 3 plugins.
Preloading 0 native plugins for Editor in 0.00 ms.
Mono: successfully reloaded assembly
- Completed reload, in  1.423 seconds
Platform modules already initialized, skipping
Refreshing native plugins compatible for Editor in 1.04 ms, found 3 plugins.
Preloading 0 native plugins for Editor in 0.00 ms.
Unloading 2090 Unused Serialized files (Serialized files now loaded: 0)
System memory in use before: 96.6 MB.
System memory in use after: 96.6 MB.

Unloading 21 unused Assets to reduce memory usage. Loaded Objects now: 2619.
Total: 2.991600 ms (FindLiveObjects: 0.251200 ms CreateObjectMapping: 0.123500 ms MarkObjects: 2.458300 ms  DeleteObjects: 0.157000 ms)

AssetImportParameters requested are different than current active one (requested -> active):
  custom:framework-win-MediaFoundation: 216162199b28c13a410421893ffa2e32 -> 
  custom:video-decoder-ogg-theora: a1e56fd34408186e4bbccfd4996cb3dc -> 
  custom:container-muxer-webm: aa71ff27fc2769a1b78a27578f13a17b -> 
  custom:container-demuxer-webm: 4f35f7cbe854078d1ac9338744f61a02 -> 
  custom:container-demuxer-ogg: 62fdf1f143b41e24485cea50d1cbac27 -> 
  custom:video-encoder-webm-vp8: eb34c28f22e8b96e1ab97ce403110664 -> 
  custom:video-decoder-webm-vp8: 9c59270c3fd7afecdb556c50c9e8de78 -> 
  custom:audio-decoder-ogg-vorbis: bf7c407c2cedff20999df2af8eb42d56 -> 
  custom:audio-encoder-webm-vorbis: bf7c407c2cedff20999df2af8eb42d56 -> 
========================================================================
Received Prepare
Registering precompiled user dll's ...
Registered in 0.006392 seconds.
Begin MonoManager ReloadAssembly
Native extension for WindowsStandalone target not found
Native extension for WebGL target not found
Refreshing native plugins compatible for Editor in 0.58 ms, found 3 plugins.
Preloading 0 native plugins for Editor in 0.00 ms.
Mono: successfully reloaded assembly
- Completed reload, in  1.417 seconds
Platform modules already initialized, skipping
Refreshing native plugins compatible for Editor in 0.98 ms, found 3 plugins.
Preloading 0 native plugins for Editor in 0.00 ms.
Unloading 2090 Unused Serialized files (Serialized files now loaded: 0)
System memory in use before: 96.6 MB.
System memory in use after: 96.6 MB.

Unloading 21 unused Assets to reduce memory usage. Loaded Objects now: 2623.
Total: 3.331600 ms (FindLiveObjects: 0.334600 ms CreateObjectMapping: 0.229300 ms MarkObjects: 2.606000 ms  DeleteObjects: 0.160200 ms)

AssetImportParameters requested are different than current active one (requested -> active):
  custom:framework-win-MediaFoundation: 216162199b28c13a410421893ffa2e32 -> 
  custom:video-decoder-ogg-theora: a1e56fd34408186e4bbccfd4996cb3dc -> 
  custom:container-muxer-webm: aa71ff27fc2769a1b78a27578f13a17b -> 
  custom:container-demuxer-webm: 4f35f7cbe854078d1ac9338744f61a02 -> 
  custom:container-demuxer-ogg: 62fdf1f143b41e24485cea50d1cbac27 -> 
  custom:video-encoder-webm-vp8: eb34c28f22e8b96e1ab97ce403110664 -> 
  custom:video-decoder-webm-vp8: 9c59270c3fd7afecdb556c50c9e8de78 -> 
  custom:audio-decoder-ogg-vorbis: bf7c407c2cedff20999df2af8eb42d56 -> 
  custom:audio-encoder-webm-vorbis: bf7c407c2cedff20999df2af8eb42d56 -> 
AssetImportWorkerClient::OnTransportError - code=2 error=End of file
